PID 8051 received SIGSEGV for address: 0x20
0   segfault-handler.node               0x0000000109e463f8 _ZL16segfault_handleriP9__siginfoPv + 312
1   libsystem_platform.dylib            0x00007fffcd311b3a _sigtramp + 26
2   ???                                 0x000000010a0e80cb 0x0 + 4463689931
3   iohook.node                         0x0000000109e5658d hook_event_proc + 1709
4   SkyLight                            0x00007fffc9421c80 processDecodedEventRef + 204
5   SkyLight                            0x00007fffc942146a processEventTapData + 544
6   SkyLight                            0x00007fffc94f6ce1 _XPostEventTapData + 280
7   SkyLight                            0x00007fffc94211f4 eventTapMessageHandler + 137
8   CoreFoundation                      0x00007fffb79831ed __CFMachPortPerform + 253
9   CoreFoundation                      0x00007fffb79830d9 __CFRUNLOOP_IS_CALLING_OUT_TO_A_SOURCE1_PERFORM_FUNCTION__ + 41
10  CoreFoundation                      0x00007fffb7983051 __CFRunLoopDoSource1 + 465
11  CoreFoundation                      0x00007fffb797acc5 __CFRunLoopRun + 2389
12  CoreFoundation                      0x00007fffb797a114 CFRunLoopRunSpecific + 420
13  CoreFoundation                      0x00007fffb79b9b91 CFRunLoopRun + 97
14  iohook.node                         0x0000000109e57b84 hook_run + 1700
15  iohook.node                         0x0000000109e5266e _Z16hook_thread_procPv + 14
16  libsystem_pthread.dylib             0x00007fffcd31b93b _pthread_body + 180
17  libsystem_pthread.dylib             0x00007fffcd31b887 _pthread_body + 0
18  libsystem_pthread.dylib             0x00007fffcd31b08d thread_start + 13
